2025-01-27 10:57:48,146 __main__:389 INFO [MainThread] Initiated peer 2 on port 10002. Peers: {1: ('localhost', 10001), 3: ('localhost', 10003), 4: ('localhost', 10004)}
2025-01-27 10:57:48,146 __main__:392 INFO [MainThread] Members: {2: ('localhost', 10002), 1: ('localhost', 10001), 3: ('localhost', 10003), 4: ('localhost', 10004)}
2025-01-27 10:57:48,146 __main__:31 INFO [MainThread] Init server on port 10002
2025-01-27 10:57:48,149 peer_service:20 INFO [MainThread] Init ZabPeerService
2025-01-27 10:57:48,149 client_service:13 INFO [MainThread] Init ZabClientService
2025-01-27 10:57:48,150 __main__:55 INFO [MainThread] Init worker
2025-01-27 10:57:48,150 __main__:63 INFO [MainThread] Initiated worker
2025-01-27 10:57:48,150 __main__:402 INFO [MainThread] Starting server and client
2025-01-27 10:57:48,150 __main__:45 INFO [MainThread] Starting server on port 10002
2025-01-27 10:57:48,151 __main__:47 INFO [MainThread] Server started, listening on 10002
2025-01-27 10:57:48,151 __main__:175 INFO [Thread-1] Starting elections
2025-01-27 10:57:48,151 __main__:193 INFO [Thread-1] Popping queue
2025-01-27 10:57:48,151 __main__:200 INFO [Thread-1] Queue is empty, sending election request to all
2025-01-27 10:57:48,151 __main__:85 DEBUG [Thread-1] Made election request: {'vote': {'id': 2, 'lastZxId': {}}, 'id': 2, 'round': 1}
2025-01-27 10:57:48,151 __main__:98 INFO [Thread-1] Sending election request to peer 2
2025-01-27 10:57:48,151 __main__:90 DEBUG [Thread-1] Sending election request: {'vote': {'id': 2, 'lastZxId': {}}, 'id': 2, 'round': 1}
2025-01-27 10:57:48,155 peer_service:28 INFO [ThreadPoolExecutor-0_0] Received election notification {'vote': {'id': 2, 'lastZxId': {}}, 'id': 2, 'round': 1}
2025-01-27 10:57:48,155 peer_service:29 INFO [ThreadPoolExecutor-0_0] Peer vote: id 2 last_zx_id epoch 0 counter 0
2025-01-27 10:57:48,155 peer_service:32 INFO [ThreadPoolExecutor-0_0] Peer id: 2, Peer state: 0 Election, Peer round: 1
2025-01-27 10:57:48,155 peer_service:39 INFO [ThreadPoolExecutor-0_0] Appending request to queue
2025-01-27 10:57:48,155 __main__:94 INFO [Thread-1] Received response from localhost:10002: 
2025-01-27 10:57:48,155 __main__:98 INFO [Thread-1] Sending election request to peer 1
2025-01-27 10:57:48,155 __main__:90 DEBUG [Thread-1] Sending election request: {'vote': {'id': 2, 'lastZxId': {}}, 'id': 2, 'round': 1}
2025-01-27 10:57:48,157 peer_service:28 INFO [ThreadPoolExecutor-0_0] Received election notification {'vote': {'id': 1, 'lastZxId': {}}, 'id': 1, 'round': 1}
2025-01-27 10:57:48,157 peer_service:29 INFO [ThreadPoolExecutor-0_0] Peer vote: id 1 last_zx_id epoch 0 counter 0
2025-01-27 10:57:48,157 peer_service:32 INFO [ThreadPoolExecutor-0_0] Peer id: 1, Peer state: 0 Election, Peer round: 1
2025-01-27 10:57:48,157 peer_service:39 INFO [ThreadPoolExecutor-0_0] Appending request to queue
2025-01-27 10:57:48,157 __main__:94 INFO [Thread-1] Received response from localhost:10001: 
2025-01-27 10:57:48,157 __main__:98 INFO [Thread-1] Sending election request to peer 3
2025-01-27 10:57:48,157 __main__:90 DEBUG [Thread-1] Sending election request: {'vote': {'id': 2, 'lastZxId': {}}, 'id': 2, 'round': 1}
2025-01-27 10:57:48,159 __main__:94 INFO [Thread-1] Received response from localhost:10003: 
2025-01-27 10:57:48,159 __main__:98 INFO [Thread-1] Sending election request to peer 4
2025-01-27 10:57:48,159 peer_service:28 INFO [ThreadPoolExecutor-0_0] Received election notification {'vote': {'id': 3, 'lastZxId': {}}, 'id': 3, 'round': 1}
2025-01-27 10:57:48,159 peer_service:29 INFO [ThreadPoolExecutor-0_0] Peer vote: id 3 last_zx_id epoch 0 counter 0
2025-01-27 10:57:48,159 peer_service:32 INFO [ThreadPoolExecutor-0_0] Peer id: 3, Peer state: 0 Election, Peer round: 1
2025-01-27 10:57:48,159 peer_service:39 INFO [ThreadPoolExecutor-0_0] Appending request to queue
2025-01-27 10:57:48,159 __main__:90 DEBUG [Thread-1] Sending election request: {'vote': {'id': 2, 'lastZxId': {}}, 'id': 2, 'round': 1}
2025-01-27 10:57:48,159 peer_service:28 INFO [ThreadPoolExecutor-0_0] Received election notification {'vote': {'id': 4, 'lastZxId': {}}, 'id': 4, 'round': 1}
2025-01-27 10:57:48,160 peer_service:29 INFO [ThreadPoolExecutor-0_0] Peer vote: id 4 last_zx_id epoch 0 counter 0
2025-01-27 10:57:48,160 peer_service:32 INFO [ThreadPoolExecutor-0_0] Peer id: 4, Peer state: 0 Election, Peer round: 1
2025-01-27 10:57:48,160 peer_service:39 INFO [ThreadPoolExecutor-0_0] Appending request to queue
2025-01-27 10:57:48,160 __main__:94 INFO [Thread-1] Received response from localhost:10004: 
2025-01-27 10:57:48,161 __main__:349 INFO [Thread-1] Sleeping: 0.5
2025-01-27 10:57:48,665 __main__:193 INFO [Thread-1] Popping queue
2025-01-27 10:57:48,665 __main__:205 INFO [Thread-1] Queue is not empty. Processing 1 {'vote': {'id': 2, 'lastZxId': {}}, 'id': 2, 'round': 1}
2025-01-27 10:57:48,665 __main__:255 DEBUG [Thread-1] Putting to ReceivedVotes: (2, [id: 2
last_zx_id {
}
, 1])
2025-01-27 10:57:48,665 __main__:152 DEBUG [Thread-1] Key 2 was not in table. Version: 1, new value: [id: 2
last_zx_id {
}
, 1, 1]
2025-01-27 10:57:48,665 __main__:154 DEBUG [Thread-1] Put to ReceivedVotes: (2, [id: 2
last_zx_id {
}
, 1, 1])
2025-01-27 10:57:48,665 __main__:349 INFO [Thread-1] Sleeping: 0.5
2025-01-27 10:57:49,167 __main__:193 INFO [Thread-1] Popping queue
2025-01-27 10:57:49,167 __main__:205 INFO [Thread-1] Queue is not empty. Processing 1 {'vote': {'id': 1, 'lastZxId': {}}, 'id': 1, 'round': 1}
2025-01-27 10:57:49,167 __main__:255 DEBUG [Thread-1] Putting to ReceivedVotes: (1, [id: 1
last_zx_id {
}
, 1])
2025-01-27 10:57:49,167 __main__:152 DEBUG [Thread-1] Key 1 was not in table. Version: 1, new value: [id: 1
last_zx_id {
}
, 1, 1]
2025-01-27 10:57:49,167 __main__:154 DEBUG [Thread-1] Put to ReceivedVotes: (1, [id: 1
last_zx_id {
}
, 1, 1])
2025-01-27 10:57:49,167 __main__:162 DEBUG [Thread-1] ReceivedVotes: {2: [id: 2
last_zx_id {
}
, 1, 1], 1: [id: 1
last_zx_id {
}
, 1, 1]}
2025-01-27 10:57:49,167 __main__:349 INFO [Thread-1] Sleeping: 0.5
2025-01-27 10:57:49,171 peer_service:28 INFO [ThreadPoolExecutor-0_0] Received election notification {'vote': {'id': 2, 'lastZxId': {}}, 'id': 1, 'round': 1}
2025-01-27 10:57:49,171 peer_service:29 INFO [ThreadPoolExecutor-0_0] Peer vote: id 2 last_zx_id epoch 0 counter 0
2025-01-27 10:57:49,171 peer_service:32 INFO [ThreadPoolExecutor-0_0] Peer id: 1, Peer state: 0 Election, Peer round: 1
2025-01-27 10:57:49,171 peer_service:39 INFO [ThreadPoolExecutor-0_0] Appending request to queue
2025-01-27 10:57:49,672 __main__:193 INFO [Thread-1] Popping queue
2025-01-27 10:57:49,672 __main__:205 INFO [Thread-1] Queue is not empty. Processing 1 {'vote': {'id': 3, 'lastZxId': {}}, 'id': 3, 'round': 1}
2025-01-27 10:57:49,672 __main__:236 INFO [Thread-1] 214 n.round == self.master.shared_map['round'] and n.vote > self.master.shared_map['vote']. accepting the vote
2025-01-27 10:57:49,673 __main__:241 INFO [Thread-1] New our vote: {'id': 3, 'lastZxId': {}}
2025-01-27 10:57:49,673 __main__:85 DEBUG [Thread-1] Made election request: {'vote': {'id': 3, 'lastZxId': {}}, 'id': 2, 'round': 1}
2025-01-27 10:57:49,673 __main__:98 INFO [Thread-1] Sending election request to peer 2
2025-01-27 10:57:49,673 __main__:90 DEBUG [Thread-1] Sending election request: {'vote': {'id': 3, 'lastZxId': {}}, 'id': 2, 'round': 1}
2025-01-27 10:57:49,676 peer_service:28 INFO [ThreadPoolExecutor-0_0] Received election notification {'vote': {'id': 3, 'lastZxId': {}}, 'id': 2, 'round': 1}
2025-01-27 10:57:49,676 peer_service:29 INFO [ThreadPoolExecutor-0_0] Peer vote: id 3 last_zx_id epoch 0 counter 0
2025-01-27 10:57:49,676 peer_service:32 INFO [ThreadPoolExecutor-0_0] Peer id: 2, Peer state: 0 Election, Peer round: 1
2025-01-27 10:57:49,676 peer_service:39 INFO [ThreadPoolExecutor-0_0] Appending request to queue
2025-01-27 10:57:49,676 __main__:94 INFO [Thread-1] Received response from localhost:10002: 
2025-01-27 10:57:49,677 __main__:98 INFO [Thread-1] Sending election request to peer 1
2025-01-27 10:57:49,677 __main__:90 DEBUG [Thread-1] Sending election request: {'vote': {'id': 3, 'lastZxId': {}}, 'id': 2, 'round': 1}
2025-01-27 10:57:49,679 __main__:94 INFO [Thread-1] Received response from localhost:10001: 
2025-01-27 10:57:49,679 __main__:98 INFO [Thread-1] Sending election request to peer 3
2025-01-27 10:57:49,679 __main__:90 DEBUG [Thread-1] Sending election request: {'vote': {'id': 3, 'lastZxId': {}}, 'id': 2, 'round': 1}
2025-01-27 10:57:49,681 __main__:94 INFO [Thread-1] Received response from localhost:10003: 
2025-01-27 10:57:49,681 __main__:98 INFO [Thread-1] Sending election request to peer 4
2025-01-27 10:57:49,681 __main__:90 DEBUG [Thread-1] Sending election request: {'vote': {'id': 3, 'lastZxId': {}}, 'id': 2, 'round': 1}
2025-01-27 10:57:49,684 peer_service:28 INFO [ThreadPoolExecutor-0_0] Received election notification {'vote': {'id': 3, 'lastZxId': {}}, 'id': 1, 'round': 1}
2025-01-27 10:57:49,684 peer_service:29 INFO [ThreadPoolExecutor-0_0] Peer vote: id 3 last_zx_id epoch 0 counter 0
2025-01-27 10:57:49,684 __main__:94 INFO [Thread-1] Received response from localhost:10004: 
2025-01-27 10:57:49,684 peer_service:32 INFO [ThreadPoolExecutor-0_0] Peer id: 1, Peer state: 0 Election, Peer round: 1
2025-01-27 10:57:49,684 __main__:249 INFO [Thread-1] Sent our new vote to all
2025-01-27 10:57:49,684 peer_service:39 INFO [ThreadPoolExecutor-0_0] Appending request to queue
2025-01-27 10:57:49,684 __main__:255 DEBUG [Thread-1] Putting to ReceivedVotes: (3, [id: 3
last_zx_id {
}
, 1])
2025-01-27 10:57:49,684 __main__:152 DEBUG [Thread-1] Key 3 was not in table. Version: 1, new value: [id: 3
last_zx_id {
}
, 1, 1]
2025-01-27 10:57:49,684 __main__:154 DEBUG [Thread-1] Put to ReceivedVotes: (3, [id: 3
last_zx_id {
}
, 1, 1])
2025-01-27 10:57:49,684 __main__:162 DEBUG [Thread-1] ReceivedVotes: {2: [id: 2
last_zx_id {
}
, 1, 1], 1: [id: 1
last_zx_id {
}
, 1, 1], 3: [id: 3
last_zx_id {
}
, 1, 1]}
2025-01-27 10:57:49,684 __main__:349 INFO [Thread-1] Sleeping: 0.5
2025-01-27 10:57:50,187 __main__:193 INFO [Thread-1] Popping queue
2025-01-27 10:57:50,187 __main__:205 INFO [Thread-1] Queue is not empty. Processing 1 {'vote': {'id': 4, 'lastZxId': {}}, 'id': 4, 'round': 1}
2025-01-27 10:57:50,187 __main__:236 INFO [Thread-1] 214 n.round == self.master.shared_map['round'] and n.vote > self.master.shared_map['vote']. accepting the vote
2025-01-27 10:57:50,187 __main__:241 INFO [Thread-1] New our vote: {'id': 4, 'lastZxId': {}}
2025-01-27 10:57:50,187 __main__:85 DEBUG [Thread-1] Made election request: {'vote': {'id': 4, 'lastZxId': {}}, 'id': 2, 'round': 1}
2025-01-27 10:57:50,187 __main__:98 INFO [Thread-1] Sending election request to peer 2
2025-01-27 10:57:50,188 __main__:90 DEBUG [Thread-1] Sending election request: {'vote': {'id': 4, 'lastZxId': {}}, 'id': 2, 'round': 1}
2025-01-27 10:57:50,192 peer_service:28 INFO [ThreadPoolExecutor-0_0] Received election notification {'vote': {'id': 4, 'lastZxId': {}}, 'id': 2, 'round': 1}
2025-01-27 10:57:50,192 peer_service:29 INFO [ThreadPoolExecutor-0_0] Peer vote: id 4 last_zx_id epoch 0 counter 0
2025-01-27 10:57:50,193 peer_service:32 INFO [ThreadPoolExecutor-0_0] Peer id: 2, Peer state: 0 Election, Peer round: 1
2025-01-27 10:57:50,193 peer_service:39 INFO [ThreadPoolExecutor-0_0] Appending request to queue
2025-01-27 10:57:50,194 peer_service:28 INFO [ThreadPoolExecutor-0_1] Received election notification {'vote': {'id': 4, 'lastZxId': {}}, 'id': 3, 'round': 1}
2025-01-27 10:57:50,194 peer_service:29 INFO [ThreadPoolExecutor-0_1] Peer vote: id 4 last_zx_id epoch 0 counter 0
2025-01-27 10:57:50,194 peer_service:32 INFO [ThreadPoolExecutor-0_1] Peer id: 3, Peer state: 0 Election, Peer round: 1
2025-01-27 10:57:50,194 peer_service:39 INFO [ThreadPoolExecutor-0_1] Appending request to queue
2025-01-27 10:57:50,194 __main__:94 INFO [Thread-1] Received response from localhost:10002: 
2025-01-27 10:57:50,194 __main__:98 INFO [Thread-1] Sending election request to peer 1
2025-01-27 10:57:50,194 __main__:90 DEBUG [Thread-1] Sending election request: {'vote': {'id': 4, 'lastZxId': {}}, 'id': 2, 'round': 1}
2025-01-27 10:57:50,196 peer_service:28 INFO [ThreadPoolExecutor-0_0] Received election notification {'vote': {'id': 4, 'lastZxId': {}}, 'id': 1, 'round': 1}
2025-01-27 10:57:50,196 peer_service:29 INFO [ThreadPoolExecutor-0_0] Peer vote: id 4 last_zx_id epoch 0 counter 0
2025-01-27 10:57:50,196 peer_service:32 INFO [ThreadPoolExecutor-0_0] Peer id: 1, Peer state: 0 Election, Peer round: 1
2025-01-27 10:57:50,196 peer_service:39 INFO [ThreadPoolExecutor-0_0] Appending request to queue
2025-01-27 10:57:50,197 __main__:94 INFO [Thread-1] Received response from localhost:10001: 
2025-01-27 10:57:50,197 __main__:98 INFO [Thread-1] Sending election request to peer 3
2025-01-27 10:57:50,197 __main__:90 DEBUG [Thread-1] Sending election request: {'vote': {'id': 4, 'lastZxId': {}}, 'id': 2, 'round': 1}
2025-01-27 10:57:50,200 __main__:94 INFO [Thread-1] Received response from localhost:10003: 
2025-01-27 10:57:50,200 __main__:98 INFO [Thread-1] Sending election request to peer 4
2025-01-27 10:57:50,200 __main__:90 DEBUG [Thread-1] Sending election request: {'vote': {'id': 4, 'lastZxId': {}}, 'id': 2, 'round': 1}
2025-01-27 10:57:50,204 peer_service:28 INFO [ThreadPoolExecutor-0_1] Received election notification {'vote': {'id': 4, 'lastZxId': {}}, 'id': 4, 'state': 'Leading', 'round': 1}
2025-01-27 10:57:50,205 peer_service:29 INFO [ThreadPoolExecutor-0_1] Peer vote: id 4 last_zx_id epoch 0 counter 0
2025-01-27 10:57:50,205 peer_service:32 INFO [ThreadPoolExecutor-0_1] Peer id: 4, Peer state: 2 Leading, Peer round: 1
2025-01-27 10:57:50,205 peer_service:39 INFO [ThreadPoolExecutor-0_1] Appending request to queue
2025-01-27 10:57:50,205 __main__:94 INFO [Thread-1] Received response from localhost:10004: 
2025-01-27 10:57:50,205 __main__:249 INFO [Thread-1] Sent our new vote to all
2025-01-27 10:57:50,206 __main__:255 DEBUG [Thread-1] Putting to ReceivedVotes: (4, [id: 4
last_zx_id {
}
, 1])
2025-01-27 10:57:50,206 __main__:152 DEBUG [Thread-1] Key 4 was not in table. Version: 1, new value: [id: 4
last_zx_id {
}
, 1, 1]
2025-01-27 10:57:50,206 __main__:154 DEBUG [Thread-1] Put to ReceivedVotes: (4, [id: 4
last_zx_id {
}
, 1, 1])
2025-01-27 10:57:50,206 __main__:268 INFO [Thread-1] Peer 2 is 1
2025-01-27 10:57:50,206 __main__:70 INFO [Thread-1] Done elections. Current state: 1
2025-01-27 10:57:50,711 __main__:74 INFO [Thread-1] Sending election notification
2025-01-27 10:57:51,213 __main__:74 INFO [Thread-1] Sending election notification
2025-01-27 10:57:51,718 __main__:74 INFO [Thread-1] Sending election notification
2025-01-27 10:57:52,223 __main__:74 INFO [Thread-1] Sending election notification
2025-01-27 10:57:52,729 __main__:74 INFO [Thread-1] Sending election notification
2025-01-27 10:57:53,234 __main__:74 INFO [Thread-1] Sending election notification
2025-01-27 10:57:53,739 __main__:74 INFO [Thread-1] Sending election notification
2025-01-27 10:57:54,243 __main__:74 INFO [Thread-1] Sending election notification
2025-01-27 10:57:54,745 __main__:74 INFO [Thread-1] Sending election notification
2025-01-27 10:57:55,247 __main__:74 INFO [Thread-1] Sending election notification
2025-01-27 10:57:55,752 __main__:74 INFO [Thread-1] Sending election notification
2025-01-27 10:57:56,253 __main__:74 INFO [Thread-1] Sending election notification
2025-01-27 10:57:56,758 __main__:74 INFO [Thread-1] Sending election notification
2025-01-27 10:57:57,264 __main__:74 INFO [Thread-1] Sending election notification
2025-01-27 10:57:57,765 __main__:74 INFO [Thread-1] Sending election notification
2025-01-27 10:57:58,267 __main__:74 INFO [Thread-1] Sending election notification
2025-01-27 10:57:58,772 __main__:74 INFO [Thread-1] Sending election notification
2025-01-27 10:57:59,274 __main__:74 INFO [Thread-1] Sending election notification
2025-01-27 10:57:59,778 __main__:74 INFO [Thread-1] Sending election notification
2025-01-27 10:58:00,280 __main__:74 INFO [Thread-1] Sending election notification
2025-01-27 10:58:00,783 __main__:74 INFO [Thread-1] Sending election notification
2025-01-27 10:58:01,288 __main__:74 INFO [Thread-1] Sending election notification
2025-01-27 10:58:01,790 __main__:74 INFO [Thread-1] Sending election notification
2025-01-27 10:58:02,290 __main__:74 INFO [Thread-1] Sending election notification
2025-01-27 10:58:02,795 __main__:74 INFO [Thread-1] Sending election notification
2025-01-27 10:58:03,295 __main__:74 INFO [Thread-1] Sending election notification
2025-01-27 10:58:03,798 __main__:74 INFO [Thread-1] Sending election notification
2025-01-27 10:58:04,302 __main__:74 INFO [Thread-1] Sending election notification
2025-01-27 10:58:04,808 __main__:74 INFO [Thread-1] Sending election notification
2025-01-27 10:58:05,313 __main__:74 INFO [Thread-1] Sending election notification
2025-01-27 10:58:05,814 __main__:74 INFO [Thread-1] Sending election notification
2025-01-27 10:58:06,319 __main__:74 INFO [Thread-1] Sending election notification
2025-01-27 10:58:06,824 __main__:74 INFO [Thread-1] Sending election notification
2025-01-27 10:58:07,328 __main__:74 INFO [Thread-1] Sending election notification
2025-01-27 10:58:07,833 __main__:74 INFO [Thread-1] Sending election notification
2025-01-27 10:58:08,339 __main__:74 INFO [Thread-1] Sending election notification
2025-01-27 10:58:08,842 __main__:74 INFO [Thread-1] Sending election notification
2025-01-27 10:58:09,348 __main__:74 INFO [Thread-1] Sending election notification
2025-01-27 10:58:09,849 __main__:74 INFO [Thread-1] Sending election notification
2025-01-27 10:58:10,352 __main__:74 INFO [Thread-1] Sending election notification
2025-01-27 10:58:10,857 __main__:74 INFO [Thread-1] Sending election notification
